<?xml version="1.0" encoding="UTF-8"?>
<robot generator="Robot 3.2.1 (Python 3.8.2 on darwin)" generated="20200930 14:00:43.345" rpa="false">
<suite id="s1" name="Amazon Web" source="/Users/didem/Documents/GitHubRepos/Amazon_RobotFramework/amazon-web/amazon_web.robot">
<test id="s1-t1" name="Search Product">
<kw name="Open Amazon" library="amazon_web_resources">
<kw name="Open Browser" library="SeleniumLibrary">
<doc>Opens a new browser instance to the optional ``url``.</doc>
<arguments>
<arg>${LoginURL}</arg>
<arg>${Browser}</arg>
<arg>${REMOTE_URL}</arg>
</arguments>
<msg timestamp="20200930 14:00:43.998" level="INFO">Opening browser 'chrome' to base url 'https://www.amazon.com/'.</msg>
<status status="PASS" starttime="20200930 14:00:43.997" endtime="20200930 14:00:50.452"></status>
</kw>
<kw name="Run Keyword And Continue On Failure" library="BuiltIn">
<doc>Runs the keyword and continues execution even if a failure occurs.</doc>
<arguments>
<arg>Maximize Browser Window</arg>
</arguments>
<kw name="Maximize Browser Window" library="SeleniumLibrary">
<doc>Maximizes current browser window.</doc>
<status status="PASS" starttime="20200930 14:00:50.454" endtime="20200930 14:00:50.858"></status>
</kw>
<status status="PASS" starttime="20200930 14:00:50.453" endtime="20200930 14:00:50.858"></status>
</kw>
<status status="PASS" starttime="20200930 14:00:43.997" endtime="20200930 14:00:50.859"></status>
</kw>
<kw name="Check Search Bar" library="amazon_web_resources">
<kw name="Wait Until Page Contains Element" library="SeleniumLibrary">
<doc>Waits until the element ``locator`` appears on the current page.</doc>
<arguments>
<arg>${layout.searchBar.input}</arg>
</arguments>
<status status="PASS" starttime="20200930 14:00:50.861" endtime="20200930 14:00:51.276"></status>
</kw>
<kw name="Page Should Contain Element" library="SeleniumLibrary">
<doc>Verifies that element ``locator`` is found on the current page.</doc>
<arguments>
<arg>${layout.searchBar.input}</arg>
</arguments>
<msg timestamp="20200930 14:00:51.290" level="INFO">Current page contains element 'xpath=//input[@id='twotabsearchtextbox']'.</msg>
<status status="PASS" starttime="20200930 14:00:51.276" endtime="20200930 14:00:51.290"></status>
</kw>
<status status="PASS" starttime="20200930 14:00:50.859" endtime="20200930 14:00:51.290"></status>
</kw>
<kw name="Input Product Name Search Bar" library="amazon_web_resources">
<kw name="Click Element" library="SeleniumLibrary">
<doc>Click the element identified by ``locator``.</doc>
<arguments>
<arg>${layout.searchBar.input}</arg>
</arguments>
<msg timestamp="20200930 14:00:51.291" level="INFO">Clicking element 'xpath=//input[@id='twotabsearchtextbox']'.</msg>
<status status="PASS" starttime="20200930 14:00:51.291" endtime="20200930 14:00:51.414"></status>
</kw>
<kw name="Input Text" library="SeleniumLibrary">
<doc>Types the given ``text`` into the text field identified by ``locator``.</doc>
<arguments>
<arg>${layout.searchBar.input}</arg>
<arg>${search.product.text}</arg>
</arguments>
<msg timestamp="20200930 14:00:51.415" level="INFO">Typing text 'pencil' into text field 'xpath=//input[@id='twotabsearchtextbox']'.</msg>
<status status="PASS" starttime="20200930 14:00:51.414" endtime="20200930 14:00:51.619"></status>
</kw>
<status status="PASS" starttime="20200930 14:00:51.290" endtime="20200930 14:00:51.620"></status>
</kw>
<kw name="Click Search Submit" library="amazon_web_resources">
<kw name="Click Element" library="SeleniumLibrary">
<doc>Click the element identified by ``locator``.</doc>
<arguments>
<arg>${layout.searchBar.submit.field}</arg>
</arguments>
<msg timestamp="20200930 14:00:51.621" level="INFO">Clicking element 'xpath=//div[@class='nav-search-submit nav-sprite']'.</msg>
<status status="PASS" starttime="20200930 14:00:51.621" endtime="20200930 14:00:52.332"></status>
</kw>
<status status="PASS" starttime="20200930 14:00:51.620" endtime="20200930 14:00:52.332"></status>
</kw>
<kw name="Check Search Result" library="amazon_web_resources">
<kw name="Wait Until Page Contains Element" library="SeleniumLibrary">
<doc>Waits until the element ``locator`` appears on the current page.</doc>
<arguments>
<arg>${search.result.toolbar.title.field}</arg>
</arguments>
<status status="PASS" starttime="20200930 14:00:52.335" endtime="20200930 14:00:52.812"></status>
</kw>
<kw name="Page Should Contain Element" library="SeleniumLibrary">
<doc>Verifies that element ``locator`` is found on the current page.</doc>
<arguments>
<arg>${search.result.toolbar.title.field}</arg>
</arguments>
<msg timestamp="20200930 14:00:52.822" level="INFO">Current page contains element 'xpath=//h1[@class='a-size-base s-desktop-toolbar a-text-normal']'.</msg>
<status status="PASS" starttime="20200930 14:00:52.812" endtime="20200930 14:00:52.823"></status>
</kw>
<kw name="Element Should Contain" library="SeleniumLibrary">
<doc>Verifies that element ``locator`` contains text ``expected``.</doc>
<arguments>
<arg>${search.result.toolbar.title.field}</arg>
<arg>${search.product.text}</arg>
</arguments>
<msg timestamp="20200930 14:00:52.876" level="INFO">Element 'xpath=//h1[@class='a-size-base s-desktop-toolbar a-text-normal']' contains text 'pencil'.</msg>
<status status="PASS" starttime="20200930 14:00:52.823" endtime="20200930 14:00:52.877"></status>
</kw>
<status status="PASS" starttime="20200930 14:00:52.333" endtime="20200930 14:00:52.877"></status>
</kw>
<kw name="Close Browser" library="SeleniumLibrary" type="teardown">
<doc>Closes the current browser.</doc>
<status status="PASS" starttime="20200930 14:00:52.878" endtime="20200930 14:00:53.092"></status>
</kw>
<status status="PASS" starttime="20200930 14:00:43.996" endtime="20200930 14:00:53.093" critical="yes"></status>
</test>
<status status="PASS" starttime="20200930 14:00:43.346" endtime="20200930 14:00:53.096"></status>
</suite>
<statistics>
<total>
<stat pass="1" fail="0">Critical Tests</stat>
<stat pass="1" fail="0">All Tests</stat>
</total>
<tag>
</tag>
<suite>
<stat pass="1" fail="0" id="s1" name="Amazon Web">Amazon Web</stat>
</suite>
</statistics>
<errors>
</errors>
</robot>
